<?xml version="1.0" encoding="UTF-8"?>
<!-- Generated by org.testng.reporters.JUnitReportReporter -->
<testsuite skipped="0" hostname="MySystem" name="com.qa.freecrm.TestCases.LoginTest" tests="3" failures="0" timestamp="06 Jun 2019 14:10:36 GMT" time="90.357" errors="0">
  <testcase name="VerifyTitleTest" time="23.057" classname="com.qa.freecrm.TestCases.LoginTest"/>
  <testcase name="VerifyLogoTest" time="21.907" classname="com.qa.freecrm.TestCases.LoginTest"/>
  <testcase name="LoginAppTest" time="45.393" classname="com.qa.freecrm.TestCases.LoginTest"/>
</testsuite> <!-- com.qa.freecrm.TestCases.LoginTest -->
