<?xml version="1.0" encoding="UTF-8"?>
<!-- Generated by org.testng.reporters.JUnitReportReporter -->
<testsuite skipped="0" hostname="MySystem" name="com.qa.freecrm.TestCases.DealTest" tests="5" failures="0" timestamp="06 Jun 2019 16:50:13 GMT" time="139.089" errors="0">
  <testcase name="AfterLoginTitle" time="22.810" classname="com.qa.freecrm.TestCases.DealTest"/>
  <testcase name="MousetoDeal" time="29.171" classname="com.qa.freecrm.TestCases.DealTest"/>
  <testcase name="ClickProductTest" time="28.137" classname="com.qa.freecrm.TestCases.DealTest"/>
  <testcase name="EnternameTest" time="28.151" classname="com.qa.freecrm.TestCases.DealTest"/>
  <testcase name="SaveTest" time="30.820" classname="com.qa.freecrm.TestCases.DealTest"/>
</testsuite> <!-- com.qa.freecrm.TestCases.DealTest -->
