<?xml version="1.0" encoding="UTF-8"?>
<!-- Generated by org.testng.reporters.JUnitReportReporter -->
<testsuite skipped="0" hostname="MySystem" name="com.qa.freecrm.TestCases.HomePageTest" tests="4" failures="0" timestamp="06 Jun 2019 15:36:58 GMT" time="113.566" errors="0">
  <testcase name="AfterLoginTittleTest" time="23.629" classname="com.qa.freecrm.TestCases.HomePageTest"/>
  <testcase name="VerifyUserLogotest" time="29.951" classname="com.qa.freecrm.TestCases.HomePageTest"/>
  <testcase name="ClickOnNewCompany" time="29.400" classname="com.qa.freecrm.TestCases.HomePageTest"/>
  <testcase name="EnterName" time="30.586" classname="com.qa.freecrm.TestCases.HomePageTest"/>
</testsuite> <!-- com.qa.freecrm.TestCases.HomePageTest -->
